{
  "stats": {
    "suites": 1,
    "tests": 8,
    "passes": 8,
    "pending": 0,
    "failures": 0,
    "start": "2023-03-22T19:23:25.697Z",
    "end": "2023-03-22T19:23:25.703Z",
    "duration": 6,
    "testsRegistered": 8,
    "passPercent": 100,
    "pendingPercent": 0,
    "other": 0,
    "hasOther": false,
    "skipped": 0,
    "hasSkipped": false
  },
  "results": [
    {
      "uuid": "44e8014c-df2d-4ed4-ae3c-8e0a5c1d51a9",
      "title": "",
      "fullFile": "/Users/durransalah/Documents/testing-mocha-chai/test/Calculator.js",
      "file": "/test/Calculator.js",
      "beforeHooks": [],
      "afterHooks": [],
      "tests": [],
      "suites": [
        {
          "uuid": "5bf0fe8a-4916-42b9-a863-1d4cf9f01e8d",
          "title": "Calculator Tests",
          "fullFile": "/Users/durransalah/Documents/testing-mocha-chai/test/Calculator.js",
          "file": "/test/Calculator.js",
          "beforeHooks": [],
          "afterHooks": [],
          "tests": [
            {
              "title": "Adds 1 and 2",
              "fullTitle": "Calculator Tests Adds 1 and 2",
              "timedOut": false,
              "duration": 0,
              "state": "passed",
              "speed": "fast",
              "pass": true,
              "fail": false,
              "pending": false,
              "context": null,
              "code": "expect(calc.add(1,2)).to.be.equal(3);",
              "err": {},
              "uuid": "f20cc94e-e24e-44d2-8bbf-d30ddbf9115b",
              "parentUUID": "5bf0fe8a-4916-42b9-a863-1d4cf9f01e8d",
              "isHook": false,
              "skipped": false
            },
            {
              "title": "Add Allows one parameter",
              "fullTitle": "Calculator Tests Add Allows one parameter",
              "timedOut": false,
              "duration": 0,
              "state": "passed",
              "speed": "fast",
              "pass": true,
              "fail": false,
              "pending": false,
              "context": null,
              "code": "expect(calc.add(1)).to.be.equal(1);",
              "err": {},
              "uuid": "a59630f2-d938-4781-b9af-5bd05c09082d",
              "parentUUID": "5bf0fe8a-4916-42b9-a863-1d4cf9f01e8d",
              "isHook": false,
              "skipped": false
            },
            {
              "title": "Add Allows no parameters",
              "fullTitle": "Calculator Tests Add Allows no parameters",
              "timedOut": false,
              "duration": 0,
              "state": "passed",
              "speed": "fast",
              "pass": true,
              "fail": false,
              "pending": false,
              "context": null,
              "code": "expect(calc.add()).to.be.equal(0);",
              "err": {},
              "uuid": "9de4eea3-8e8c-4474-80f3-6b1468c4ba66",
              "parentUUID": "5bf0fe8a-4916-42b9-a863-1d4cf9f01e8d",
              "isHook": false,
              "skipped": false
            },
            {
              "title": "Add turns strings to zeros",
              "fullTitle": "Calculator Tests Add turns strings to zeros",
              "timedOut": false,
              "duration": 1,
              "state": "passed",
              "speed": "fast",
              "pass": true,
              "fail": false,
              "pending": false,
              "context": null,
              "code": "expect(calc.add(\"frog\",\"toad\")).to.be.number();",
              "err": {},
              "uuid": "e856ab12-cffd-49d8-a50a-2d5c57d62f96",
              "parentUUID": "5bf0fe8a-4916-42b9-a863-1d4cf9f01e8d",
              "isHook": false,
              "skipped": false
            },
            {
              "title": "Subtracts 5 from 10",
              "fullTitle": "Calculator Tests Subtracts 5 from 10",
              "timedOut": false,
              "duration": 0,
              "state": "passed",
              "speed": "fast",
              "pass": true,
              "fail": false,
              "pending": false,
              "context": null,
              "code": "expect(calc.subtract(10,5)).to.be.equal(5);",
              "err": {},
              "uuid": "aca84b2a-3ecb-40e8-a82e-4dddb1f3c3f1",
              "parentUUID": "5bf0fe8a-4916-42b9-a863-1d4cf9f01e8d",
              "isHook": false,
              "skipped": false
            },
            {
              "title": "Subtracts allows one parameter",
              "fullTitle": "Calculator Tests Subtracts allows one parameter",
              "timedOut": false,
              "duration": 0,
              "state": "passed",
              "speed": "fast",
              "pass": true,
              "fail": false,
              "pending": false,
              "context": null,
              "code": "expect(calc.subtract(3)).to.be.equal(3);",
              "err": {},
              "uuid": "e06b90b6-c404-413f-bc59-dfbe4745cf01",
              "parentUUID": "5bf0fe8a-4916-42b9-a863-1d4cf9f01e8d",
              "isHook": false,
              "skipped": false
            },
            {
              "title": "Muliply 5 x 2",
              "fullTitle": "Calculator Tests Muliply 5 x 2",
              "timedOut": false,
              "duration": 0,
              "state": "passed",
              "speed": "fast",
              "pass": true,
              "fail": false,
              "pending": false,
              "context": null,
              "code": "expect(calc.multiply(5,2)).to.be.equal(10);",
              "err": {},
              "uuid": "5e946a65-5b2e-4ed8-944b-45cd5a780dc8",
              "parentUUID": "5bf0fe8a-4916-42b9-a863-1d4cf9f01e8d",
              "isHook": false,
              "skipped": false
            },
            {
              "title": "6 divided by 3",
              "fullTitle": "Calculator Tests 6 divided by 3",
              "timedOut": false,
              "duration": 0,
              "state": "passed",
              "speed": "fast",
              "pass": true,
              "fail": false,
              "pending": false,
              "context": null,
              "code": "expect(calc.divide(6,3)).to.be.equal(2);",
              "err": {},
              "uuid": "fc3de294-e494-41f6-82c0-f8dec1474bbd",
              "parentUUID": "5bf0fe8a-4916-42b9-a863-1d4cf9f01e8d",
              "isHook": false,
              "skipped": false
            }
          ],
          "suites": [],
          "passes": [
            "f20cc94e-e24e-44d2-8bbf-d30ddbf9115b",
            "a59630f2-d938-4781-b9af-5bd05c09082d",
            "9de4eea3-8e8c-4474-80f3-6b1468c4ba66",
            "e856ab12-cffd-49d8-a50a-2d5c57d62f96",
            "aca84b2a-3ecb-40e8-a82e-4dddb1f3c3f1",
            "e06b90b6-c404-413f-bc59-dfbe4745cf01",
            "5e946a65-5b2e-4ed8-944b-45cd5a780dc8",
            "fc3de294-e494-41f6-82c0-f8dec1474bbd"
          ],
          "failures": [],
          "pending": [],
          "skipped": [],
          "duration": 1,
          "root": false,
          "rootEmpty": false,
          "_timeout": 2000
        }
      ],
      "passes": [],
      "failures": [],
      "pending": [],
      "skipped": [],
      "duration": 0,
      "root": true,
      "rootEmpty": true,
      "_timeout": 2000
    }
  ],
  "meta": {
    "mocha": {
      "version": "10.2.0"
    },
    "mochawesome": {
      "options": {
        "quiet": false,
        "reportFilename": "mochawesome",
        "saveHtml": true,
        "saveJson": true,
        "consoleReporter": "spec",
        "useInlineDiffs": false,
        "code": true
      },
      "version": "7.1.3"
    },
    "marge": {
      "options": {
        "reportDir": "test-results"
      },
      "version": "6.2.0"
    }
  }
}