{
  "stats": {
    "suites": 1,
    "tests": 8,
    "passes": 8,
    "pending": 0,
    "failures": 0,
    "start": "2023-03-22T19:19:14.901Z",
    "end": "2023-03-22T19:19:14.904Z",
    "duration": 3,
    "testsRegistered": 8,
    "passPercent": 100,
    "pendingPercent": 0,
    "other": 0,
    "hasOther": false,
    "skipped": 0,
    "hasSkipped": false
  },
  "results": [
    {
      "uuid": "b92edd28-4e73-47c1-b520-20c8ab326b52",
      "title": "",
      "fullFile": "/Users/durransalah/Documents/testing-mocha-chai/test/Calculator.js",
      "file": "/test/Calculator.js",
      "beforeHooks": [],
      "afterHooks": [],
      "tests": [],
      "suites": [
        {
          "uuid": "a4487d43-4a3d-4a66-82b0-674242a7a898",
          "title": "Calculator Tests",
          "fullFile": "/Users/durransalah/Documents/testing-mocha-chai/test/Calculator.js",
          "file": "/test/Calculator.js",
          "beforeHooks": [],
          "afterHooks": [],
          "tests": [
            {
              "title": "Adds 1 and 2",
              "fullTitle": "Calculator Tests Adds 1 and 2",
              "timedOut": false,
              "duration": 0,
              "state": "passed",
              "speed": "fast",
              "pass": true,
              "fail": false,
              "pending": false,
              "context": null,
              "code": "expect(calc.add(1,2)).to.be.equal(3);",
              "err": {},
              "uuid": "97417e4c-459b-444f-aa92-d5f59d9227a5",
              "parentUUID": "a4487d43-4a3d-4a66-82b0-674242a7a898",
              "isHook": false,
              "skipped": false
            },
            {
              "title": "Add Allows one parameter",
              "fullTitle": "Calculator Tests Add Allows one parameter",
              "timedOut": false,
              "duration": 0,
              "state": "passed",
              "speed": "fast",
              "pass": true,
              "fail": false,
              "pending": false,
              "context": null,
              "code": "expect(calc.add(1)).to.be.equal(1);",
              "err": {},
              "uuid": "c7c1ba7c-4ce8-4d12-bdb0-80af7797a2b8",
              "parentUUID": "a4487d43-4a3d-4a66-82b0-674242a7a898",
              "isHook": false,
              "skipped": false
            },
            {
              "title": "Add Allows no parameters",
              "fullTitle": "Calculator Tests Add Allows no parameters",
              "timedOut": false,
              "duration": 0,
              "state": "passed",
              "speed": "fast",
              "pass": true,
              "fail": false,
              "pending": false,
              "context": null,
              "code": "expect(calc.add()).to.be.equal(0);",
              "err": {},
              "uuid": "b8db890c-7684-410c-86cb-208dc0886d33",
              "parentUUID": "a4487d43-4a3d-4a66-82b0-674242a7a898",
              "isHook": false,
              "skipped": false
            },
            {
              "title": "Add turns strings to zeros",
              "fullTitle": "Calculator Tests Add turns strings to zeros",
              "timedOut": false,
              "duration": 0,
              "state": "passed",
              "speed": "fast",
              "pass": true,
              "fail": false,
              "pending": false,
              "context": null,
              "code": "expect(calc.add(\"frog\",\"toad\")).to.be.number();",
              "err": {},
              "uuid": "61abb221-4ee1-4cde-bae0-c385c46d5cb9",
              "parentUUID": "a4487d43-4a3d-4a66-82b0-674242a7a898",
              "isHook": false,
              "skipped": false
            },
            {
              "title": "Subtracts 5 from 10",
              "fullTitle": "Calculator Tests Subtracts 5 from 10",
              "timedOut": false,
              "duration": 0,
              "state": "passed",
              "speed": "fast",
              "pass": true,
              "fail": false,
              "pending": false,
              "context": null,
              "code": "expect(calc.subtract(10,5)).to.be.equal(5);",
              "err": {},
              "uuid": "ae0aa366-88db-435a-a761-8989b40198ad",
              "parentUUID": "a4487d43-4a3d-4a66-82b0-674242a7a898",
              "isHook": false,
              "skipped": false
            },
            {
              "title": "Subtracts allows one parameter",
              "fullTitle": "Calculator Tests Subtracts allows one parameter",
              "timedOut": false,
              "duration": 0,
              "state": "passed",
              "speed": "fast",
              "pass": true,
              "fail": false,
              "pending": false,
              "context": null,
              "code": "expect(calc.subtract(3)).to.be.equal(3);",
              "err": {},
              "uuid": "186afdbd-df90-4bae-84e5-cbbc97bb1e4e",
              "parentUUID": "a4487d43-4a3d-4a66-82b0-674242a7a898",
              "isHook": false,
              "skipped": false
            },
            {
              "title": "Muliply 5 x 2",
              "fullTitle": "Calculator Tests Muliply 5 x 2",
              "timedOut": false,
              "duration": 0,
              "state": "passed",
              "speed": "fast",
              "pass": true,
              "fail": false,
              "pending": false,
              "context": null,
              "code": "expect(calc.multiply(5,2)).to.be.equal(10);",
              "err": {},
              "uuid": "10aec1df-31c9-4371-b2bb-d6b85d98b0db",
              "parentUUID": "a4487d43-4a3d-4a66-82b0-674242a7a898",
              "isHook": false,
              "skipped": false
            },
            {
              "title": "6 divided by 3",
              "fullTitle": "Calculator Tests 6 divided by 3",
              "timedOut": false,
              "duration": 0,
              "state": "passed",
              "speed": "fast",
              "pass": true,
              "fail": false,
              "pending": false,
              "context": null,
              "code": "expect(calc.divide(6,3)).to.be.equal(2);",
              "err": {},
              "uuid": "5517bfe0-a2c6-4b87-ad4b-7a1096e3156b",
              "parentUUID": "a4487d43-4a3d-4a66-82b0-674242a7a898",
              "isHook": false,
              "skipped": false
            }
          ],
          "suites": [],
          "passes": [
            "97417e4c-459b-444f-aa92-d5f59d9227a5",
            "c7c1ba7c-4ce8-4d12-bdb0-80af7797a2b8",
            "b8db890c-7684-410c-86cb-208dc0886d33",
            "61abb221-4ee1-4cde-bae0-c385c46d5cb9",
            "ae0aa366-88db-435a-a761-8989b40198ad",
            "186afdbd-df90-4bae-84e5-cbbc97bb1e4e",
            "10aec1df-31c9-4371-b2bb-d6b85d98b0db",
            "5517bfe0-a2c6-4b87-ad4b-7a1096e3156b"
          ],
          "failures": [],
          "pending": [],
          "skipped": [],
          "duration": 0,
          "root": false,
          "rootEmpty": false,
          "_timeout": 2000
        }
      ],
      "passes": [],
      "failures": [],
      "pending": [],
      "skipped": [],
      "duration": 0,
      "root": true,
      "rootEmpty": true,
      "_timeout": 2000
    }
  ],
  "meta": {
    "mocha": {
      "version": "10.2.0"
    },
    "mochawesome": {
      "options": {
        "quiet": false,
        "reportFilename": "mochawesome",
        "saveHtml": true,
        "saveJson": true,
        "consoleReporter": "spec",
        "useInlineDiffs": false,
        "code": true
      },
      "version": "7.1.3"
    },
    "marge": {
      "options": null,
      "version": "6.2.0"
    }
  }
}