{
  "stats": {
    "suites": 1,
    "tests": 8,
    "passes": 8,
    "pending": 0,
    "failures": 0,
    "start": "2023-03-22T19:28:43.005Z",
    "end": "2023-03-22T19:28:43.008Z",
    "duration": 3,
    "testsRegistered": 8,
    "passPercent": 100,
    "pendingPercent": 0,
    "other": 0,
    "hasOther": false,
    "skipped": 0,
    "hasSkipped": false
  },
  "results": [
    {
      "uuid": "338346e3-da88-4dbc-a03a-2e5ac4c4c847",
      "title": "",
      "fullFile": "/Users/durransalah/Documents/testing-mocha-chai/test/Calculator.js",
      "file": "/test/Calculator.js",
      "beforeHooks": [],
      "afterHooks": [],
      "tests": [],
      "suites": [
        {
          "uuid": "eb60b5f9-c682-4ab8-80d0-03af99054a80",
          "title": "Calculator Tests",
          "fullFile": "/Users/durransalah/Documents/testing-mocha-chai/test/Calculator.js",
          "file": "/test/Calculator.js",
          "beforeHooks": [],
          "afterHooks": [],
          "tests": [
            {
              "title": "Adds 1 and 2",
              "fullTitle": "Calculator Tests Adds 1 and 2",
              "timedOut": false,
              "duration": 0,
              "state": "passed",
              "speed": "fast",
              "pass": true,
              "fail": false,
              "pending": false,
              "context": null,
              "code": "expect(calc.add(1,2)).to.be.equal(3);",
              "err": {},
              "uuid": "01eeb057-98a6-4fbd-adef-8cf1916e55a1",
              "parentUUID": "eb60b5f9-c682-4ab8-80d0-03af99054a80",
              "isHook": false,
              "skipped": false
            },
            {
              "title": "Add Allows one parameter",
              "fullTitle": "Calculator Tests Add Allows one parameter",
              "timedOut": false,
              "duration": 0,
              "state": "passed",
              "speed": "fast",
              "pass": true,
              "fail": false,
              "pending": false,
              "context": null,
              "code": "expect(calc.add(1)).to.be.equal(1);",
              "err": {},
              "uuid": "adf0662c-1e4e-43f9-b136-c7f85ab43886",
              "parentUUID": "eb60b5f9-c682-4ab8-80d0-03af99054a80",
              "isHook": false,
              "skipped": false
            },
            {
              "title": "Add Allows no parameters",
              "fullTitle": "Calculator Tests Add Allows no parameters",
              "timedOut": false,
              "duration": 0,
              "state": "passed",
              "speed": "fast",
              "pass": true,
              "fail": false,
              "pending": false,
              "context": null,
              "code": "expect(calc.add()).to.be.equal(0);",
              "err": {},
              "uuid": "b3833702-d7aa-40b7-b727-2d6791dcaf6a",
              "parentUUID": "eb60b5f9-c682-4ab8-80d0-03af99054a80",
              "isHook": false,
              "skipped": false
            },
            {
              "title": "Add turns strings to zeros",
              "fullTitle": "Calculator Tests Add turns strings to zeros",
              "timedOut": false,
              "duration": 0,
              "state": "passed",
              "speed": "fast",
              "pass": true,
              "fail": false,
              "pending": false,
              "context": null,
              "code": "expect(calc.add(\"frog\",\"toad\")).to.be.number();",
              "err": {},
              "uuid": "707f23e3-b650-492b-8c66-cb0444087ba2",
              "parentUUID": "eb60b5f9-c682-4ab8-80d0-03af99054a80",
              "isHook": false,
              "skipped": false
            },
            {
              "title": "Subtracts 5 from 10",
              "fullTitle": "Calculator Tests Subtracts 5 from 10",
              "timedOut": false,
              "duration": 0,
              "state": "passed",
              "speed": "fast",
              "pass": true,
              "fail": false,
              "pending": false,
              "context": null,
              "code": "expect(calc.subtract(10,5)).to.be.equal(5);",
              "err": {},
              "uuid": "ee89d877-8dda-454b-9173-57f7e42cb664",
              "parentUUID": "eb60b5f9-c682-4ab8-80d0-03af99054a80",
              "isHook": false,
              "skipped": false
            },
            {
              "title": "Subtracts allows one parameter",
              "fullTitle": "Calculator Tests Subtracts allows one parameter",
              "timedOut": false,
              "duration": 0,
              "state": "passed",
              "speed": "fast",
              "pass": true,
              "fail": false,
              "pending": false,
              "context": null,
              "code": "expect(calc.subtract(3)).to.be.equal(3);",
              "err": {},
              "uuid": "0dc18f8e-46d4-4096-9275-bd0d6f0a8f9c",
              "parentUUID": "eb60b5f9-c682-4ab8-80d0-03af99054a80",
              "isHook": false,
              "skipped": false
            },
            {
              "title": "Muliply 5 x 2",
              "fullTitle": "Calculator Tests Muliply 5 x 2",
              "timedOut": false,
              "duration": 0,
              "state": "passed",
              "speed": "fast",
              "pass": true,
              "fail": false,
              "pending": false,
              "context": null,
              "code": "expect(calc.multiply(5,2)).to.be.equal(10);",
              "err": {},
              "uuid": "fa4e351c-8ae0-429f-8dbd-2a2bf932195e",
              "parentUUID": "eb60b5f9-c682-4ab8-80d0-03af99054a80",
              "isHook": false,
              "skipped": false
            },
            {
              "title": "6 divided by 3",
              "fullTitle": "Calculator Tests 6 divided by 3",
              "timedOut": false,
              "duration": 0,
              "state": "passed",
              "speed": "fast",
              "pass": true,
              "fail": false,
              "pending": false,
              "context": null,
              "code": "expect(calc.divide(6,3)).to.be.equal(2);",
              "err": {},
              "uuid": "03909d76-dfd9-4111-8527-0d83761da6a6",
              "parentUUID": "eb60b5f9-c682-4ab8-80d0-03af99054a80",
              "isHook": false,
              "skipped": false
            }
          ],
          "suites": [],
          "passes": [
            "01eeb057-98a6-4fbd-adef-8cf1916e55a1",
            "adf0662c-1e4e-43f9-b136-c7f85ab43886",
            "b3833702-d7aa-40b7-b727-2d6791dcaf6a",
            "707f23e3-b650-492b-8c66-cb0444087ba2",
            "ee89d877-8dda-454b-9173-57f7e42cb664",
            "0dc18f8e-46d4-4096-9275-bd0d6f0a8f9c",
            "fa4e351c-8ae0-429f-8dbd-2a2bf932195e",
            "03909d76-dfd9-4111-8527-0d83761da6a6"
          ],
          "failures": [],
          "pending": [],
          "skipped": [],
          "duration": 0,
          "root": false,
          "rootEmpty": false,
          "_timeout": 2000
        }
      ],
      "passes": [],
      "failures": [],
      "pending": [],
      "skipped": [],
      "duration": 0,
      "root": true,
      "rootEmpty": true,
      "_timeout": 2000
    }
  ],
  "meta": {
    "mocha": {
      "version": "10.2.0"
    },
    "mochawesome": {
      "options": {
        "quiet": false,
        "reportFilename": "mochawesome",
        "saveHtml": true,
        "saveJson": true,
        "consoleReporter": "spec",
        "useInlineDiffs": false,
        "code": true
      },
      "version": "7.1.3"
    },
    "marge": {
      "options": null,
      "version": "6.2.0"
    }
  }
}